onlinefurniturewear/build/intermediates/manifest_merge_blame_file/debug/manifest-merger-blame-debug-report.txt
1<?xml version="1.0" encoding="utf-8"?>
2<manifest xmlns:android="http://schemas.android.com/apk/res/android"
3    package="wearos.furniture"
4    android:versionCode="1"
5    android:versionName="1.0" >
6
7    <uses-sdk
8        android:minSdkVersion="28"
8-->src\main\AndroidManifest.xml
9        android:targetSdkVersion="30" />
9-->src\main\AndroidManifest.xml
10
11    <uses-permission android:name="android.permission.WAKE_LOCK" />
11-->src\main\AndroidManifest.xml:5:5-68
11-->src\main\AndroidManifest.xml:5:22-65
12
13    <uses-feature android:name="android.hardware.type.watch" />
13-->src\main\AndroidManifest.xml:7:5-64
13-->src\main\AndroidManifest.xml:7:19-61
14
15    <application
15-->src\main\AndroidManifest.xml:9:5-37:19
16        android:allowBackup="true"
16-->src\main\AndroidManifest.xml:10:9-35
17        android:appComponentFactory="androidx.core.app.CoreComponentFactory"
17-->[androidx.core:core:1.3.2] AndroidManifest.xml:24:18-86
18        android:debuggable="true"
19        android:extractNativeLibs="false"
20        android:icon="@mipmap/ic_launcher"
20-->src\main\AndroidManifest.xml:11:9-43
21        android:label="@string/app_name"
21-->src\main\AndroidManifest.xml:12:9-41
22        android:roundIcon="@mipmap/ic_launcher_round"
22-->src\main\AndroidManifest.xml:13:9-54
23        android:supportsRtl="true"
23-->src\main\AndroidManifest.xml:14:9-35
24        android:theme="@style/Theme.Finalproject" >
24-->src\main\AndroidManifest.xml:15:9-50
25        <uses-library
25-->src\main\AndroidManifest.xml:16:9-18:39
26            android:name="com.google.android.wearable"
26-->src\main\AndroidManifest.xml:17:13-55
27            android:required="true" />
27-->src\main\AndroidManifest.xml:18:13-36
28
29        <!--
30               Set to true if your app is Standalone, that is, it does not require the handheld
31               app to run.
32        -->
33        <meta-data
33-->src\main\AndroidManifest.xml:24:9-26:36
34            android:name="com.google.android.wearable.standalone"
34-->src\main\AndroidManifest.xml:25:13-66
35            android:value="true" />
35-->src\main\AndroidManifest.xml:26:13-33
36
37        <activity
37-->src\main\AndroidManifest.xml:28:9-36:20
38            android:name="wearos.furniture.MainActivity"
38-->src\main\AndroidManifest.xml:29:13-41
39            android:label="@string/app_name" >
39-->src\main\AndroidManifest.xml:30:13-45
40            <intent-filter>
40-->src\main\AndroidManifest.xml:31:13-35:29
41                <action android:name="android.intent.action.MAIN" />
41-->src\main\AndroidManifest.xml:32:17-69
41-->src\main\AndroidManifest.xml:32:25-66
42
43                <category android:name="android.intent.category.LAUNCHER" />
43-->src\main\AndroidManifest.xml:34:17-77
43-->src\main\AndroidManifest.xml:34:27-74
44            </intent-filter>
45        </activity>
46    </application>
47
48</manifest>